make.exe all --print-data-base --no-builtin-variables --no-builtin-rules --question
make: *** No rule to make target 'all'.  Stop.

# GNU Make 4.3
# Built for Windows32
# Copyright (C) 1988-2020 Free Software Foundation, Inc.
# License GPLv3+: GNU GPL version 3 or later <http://gnu.org/licenses/gpl.html>
# This is free software: you are free to change and redistribute it.
# There is NO WARRANTY, to the extent permitted by law.
 

# Make data base, printed on Mon Jun 20 12:27:16 2022

# Variables

# environment
FPS_BROWSER_APP_PROFILE_STRING = Internet Explorer
# environment
SYSTEMDRIVE = C:
# environment
LC_ALL = C
# environment
USERPROFILE = C:\Users\User
# environment
LOCALAPPDATA = C:\Users\User\AppData\Local
# environment
VSCODE_IPC_HOOK_EXTHOST = \\.\pipe\vscode-ipc-f5ea624c-2e22-42e6-b27f-909a57dfb4e5-sock
# environment
VSCODE_CWD = C:\Users\User\CLionProjects
# environment
CHOCOLATEYINSTALL = C:\ProgramData\chocolatey
# envi 
ronment
SYSTEMROOT = C:\WINDOWS
# environment
PROCESSOR_LEVEL = 6
# environment
PSMODULEPATH = C:\Program Files\WindowsPowerShell\Modules;C:\WINDOWS\system32\WindowsPowerShell\v1.0\Modules
# default
MAKE_COMMAND := C:/ProgramData/chocolatey/lib/make/tools/install/bin/make.exe
# automatic
@D = $(patsubst %/,%,$(patsubst %\,%,$(dir $@)))
# environment
CHROME_CRASHPAD_PIPE_NAME = \\.\pipe\crashpad_2728_XOGTOXRPHAADTBFW
# environment
ONEDRIVECOMMERCIAL = C:\Users\User\OneDrive - City University of Hong Kong
# environment
FPS_BROWSER_USER_PROFILE_STRING = Default
# environment
VSCODE_HANDLES_UNCAUGHT_ERRORS = true
# default
.VARIABLES := 
# automatic
%D = $(patsubst %/,%,$(patsubst %\,%,$(dir $%)))
# automatic
^D = $(patsubst %/,%,$(patsubst %\,%,$(dir $^)))
# environment
VSCODE_LOG_STACK = false
# automatic
%F = $(notdir $%)
# environment
VSCODE_CODE_CACHE_PATH = C:\Users\User\AppData\Roaming\Code\CachedData\30d9c6cd9483b2cc586687151bcbcd635f373630
# environment
LANG = C
# default
.LOADED := 
# environment
TMP = C:\Users\User\AppData\Local\Temp
# default
.INCLUDE_DIRS = .
# environment
PROCESSOR_ARCHITEW6432 = AMD64
# makefile
MAKEFLAGS = pqrR
# environment
ONEDRIVE = C:\Users\User\OneDrive - City University of Hong Kong
# environment
GCC7_HOME = C:\Programs\mingw-w64-7
# makefile
CURDIR := c:/Users/User/CLionProjects/Life
# environment
VSCODE_PIPE_LOGGING = true
# environment
APPLICATION_INSIGHTS_NO_DIAGNOSTIC_CHANNEL = 1
# automatic
*D = $(patsubst %/,%,$(patsubst %\,%,$(dir $*)))
# environment
PROGRAMFILES = C:\Program Files (x86)
# environment
MFLAGS = -pqrR
# default
.SHELLFLAGS := -c
# environment
COMMONPROGRAMW6432 = C:\Program Files\Common Files
# automatic
+D = $(patsubst %/,%,$(patsubst %\,%,$(dir $+)))
# makefile (from 'Makefile', line 1)
MAKEFILE_LIST := Makefile
# automatic
@F = $(notdir $@)
# environment
VSCODE_VERBOSE_LOGGING = true
# environment
VSCODE_PID = 2728
# automatic
?D = $(patsubst %/,%,$(patsubst %\,%,$(dir $?)))
# environment
__PSLOCKDOWNPOLICY = 0
# automatic
*F = $(notdir $*)
# automatic
<D = $(patsubst %/,%,$(patsubst %\,%,$(dir $<)))
# environment
VSCODE_NLS_CONFIG = {"locale":"en-us","availableLanguages":{},"_languagePackSupport":true}
# default
MAKE_HOST := Windows32
# environment
PROGRAMDATA = C:\ProgramData
# default
SHELL := sh.exe
# environment
HOMEPATH = \Users\User
# default
MAKECMDGOALS := all
# makefile (from 'Makefile', line 2)
objects := src/cell.o src/game.o src/grid.o src/outputs.o tests/main.o
# environment
DRIVERDATA = C:\Windows\System32\Drivers\DriverData
# environment
COMSPEC = C:\WINDOWS\system32\cmd.exe
# environment
WINDIR = C:\WINDOWS
# environment
MAKELEVEL := 0
# default
MAKE = $(MAKE_COMMAND)
# environment
PATH = C:\WINDOWS\system32;C:\WINDOWS;C:\WINDOWS\System32\Wbem;C:\WINDOWS\System32\WindowsPowerShell\v1.0\;C:\WINDOWS\System32\OpenSSH\;C:\ProgramData\pbox;C:\Programs\mingw-w64-7\bin;C:\Program Files\Git\cmd;C:\Program Files\PuTTY\;C:\Program Files (x86)\dotnet\;C:\ProgramData\chocolatey\bin;C:\Users\User\AppData\Local\Microsoft\WindowsApps;C:\Program Files (x86)\Nmap;C:\Users\User\AppData\Local\Programs\Microsoft VS Code\bin;C:\Program Files\heroku\bin;C:\Programs\mingw-w64-7;
# environment
ZES_ENABLE_SYSMAN = 1
# environment
COMPUTERNAME = COM3
# default
MAKEFILES := 
# automatic
^F = $(notdir $^)
# environment
PROMPT = $P$G
# environment
CHOCOLATEYLASTPATHUPDATE = 132997794294324046
# environment
LOGONSERVER = \\COM3
# environment
VSCODE_LOG_NATIVE = false
# environment
USERNAME = User
# environment
COMMONPROGRAMFILES = C:\Program Files (x86)\Common Files
# automatic
?F = $(notdir $?)
# environment
PBOX_HOME = C:\ProgramData\pbox
# environment
PROGRAMW6432 = C:\Program Files
# environment
PATHEXT = .COM;.EXE;.BAT;.CMD;.VBS;.VBE;.JS;.JSE;.WSF;.WSH;.MSC
# automatic
+F = $(notdir $+)
# environment
ORIGINAL_XDG_CURRENT_DESKTOP = undefined
# environment
USERDOMAIN = COM3
# 'override' directive
GNUMAKEFLAGS := 
# environment
OS = Windows_NT
# makefile
.DEFAULT_GOAL := run
# default
MAKE_VERSION := 4.3
# environment
PROGRAMFILES(X86) = C:\Program Files (x86)
# environment
USERDOMAIN_ROAMINGPROFILE = COM3
# environment
NUMBER_OF_PROCESSORS = 4
# environment
PUBLIC = C:\Users\Public
# environment
APPDATA = C:\Users\User\AppData\Roaming
# environment
HOMEDRIVE = C:
# environment
PROCESSOR_ARCHITECTURE = x86
# environment
VSCODE_AMD_ENTRYPOINT = vs/workbench/api/node/extensionHostProcess
# environment
COMMONPROGRAMFILES(X86) = C:\Program Files (x86)\Common Files
# environment
ELECTRON_RUN_AS_NODE = 1
# environment
TEMP = C:\Users\User\AppData\Local\Temp
# environment
VSCODE_I 
PC_HOOK = \\.\pipe\ddf78b73f802b4b105ac4da8ec09dfcf-1.68.1-main-sock
# default
.RECIPEPREFIX := 
# automatic
<F = $(notdir $<)
# default
SUFFIXES := 
# environment
ALLUSERSPROFILE = C:\ProgramData
# environment
SESSIONNAME = Console
# environment
VSCODE_CLI = 1
# environment
ELECTRON_NO_ATTACH_CONSOLE = 1
# makefile (from 'Makefile', line 1)
source := src/cell.cpp src/game.cpp src/grid.cpp src/outputs.cpp tests/main.cpp
# default
.FEATURES := target-specific order-only second-expansion else-if shortest-stem undefine oneshell nocomment grouped-target extra-prereqs archives jobserver output-sync load
# environment
PROCESSOR_REVISION = 8e09
# environment
PROCESSOR_IDENTIFIER = Intel64 Family 6 Model 142 Stepping 9, GenuineIntel
# variable set hash-table stats:
# Load=105/1024=10%, Rehash=0, Collisions=9/134=7%

# Pattern-specific Variable Values

# No pattern-specific variable values.

# Directories

# include (key c:/Users/User/CLionProjects/Life/include, mtime 1655716899): 7 files, no impossibilities.
# src (key c:/Users/User/CLionProjects/Life/src, mtime 1655717196): 10 files, no impossibilities.
# . (key c:/Users/User/CLionProjects/Life, mtime 1655717199): 13 files, no impossibilities.
# tests (key c:/Users/User/CLionProjects/Life/tests, mtime 1655717198): 7 files, no impossibilities.

# 37 files, no impossibilities in 4 directories.

# Implicit Rules

%.o: %.cpp tests/%.cpp
#  recipe to execute (from 'Makefile', line 6):
	g++ $@ -c $<

# 1 implicit rules, 0 (0.0%) terminal.
# Files

# Not a target:
Makefile:
#  Implicit rule search has been done.
#  Last modified 2022-06-20 12:26:19
#  File has been updated.
#  Successfully updated.

# Not a target:
src/game.o:
#  Implicit rule search has not been done.
#  Modification time never checked.
#  File has not been updated.

# Not a target:
src/grid.o:
#  Implicit rule search has not been done.
#  Modification time never checked.
#  File has not been updated.

clean:
#  Implicit rule search has not been done.
#  Modification time never checked.
#  File has not been updated.
#  recipe to execute (from 'Makefile', line 8):
	del /f src\\*.o
	del /f run.exe
	del /f tests\\*.o

# Not a target:
.DEFAULT:
#  Implicit rule search has not been done.
#  Modification time never checked.
#  File has not been updated.

# Not a target:
all:
#  Command line target.
#  Implicit rule search has been done.
#  File does not exist.
#  File has not been updated.

run: src/cell.o src/game.o src/grid.o src/outputs.o tests/main.o
#  Implicit rule search has not been done.
#  Modification time 
 never checked.
#  File has not been updated.
#  recipe to execute (from 'Makefile', line 4):
	g++ -o run $(objects)

# Not a target:
src/cell.o:
#  Implicit rule search has not been done.
#  Modification time never checked.
#  File has not been updated.

# Not a target:
tests/main.o:
#  Implicit rule search has not been done.
#  Modification time never checked.
#  File has not been updated.

# Not a target:
src/outputs.o:
#  Implicit rule search has not been done.
#  Modification time never checked.
#  File has not been updated.

# files hash-table stats:
# Load=11/1024=1%, Rehash=0, Collisions=0/26=0%
# VPATH Search Paths

# No 'vpath' search paths.

# No general ('VPATH' variable) search path.

# strcache buffers: 1 (0) / strings = 44 / storage = 402 B / avg = 9 B
# current buf: size = 8174 B / used = 402 B / count = 44 / avg = 9 B

# strcache performance: lookups = 59 / hit rate = 25%
# hash-table stats:
# Load=44/8192=1%, Rehash=0, Collisions=0/59=0%
# Finished Make data base on Mon Jun 20 12:27:16 2022

 
